C:\Program Files\Microsoft Visual Studio\2022\Community\MSBuild\Microsoft\VC\v170\Microsoft.CppBuild.targets(531,5): warning MSB8028: 중간 디렉터리(x64\Debug\)에 다른 프로젝트(AlgorithmCode.vcxproj, BaekJoonCode.vcxproj, BaekJoonCode3.vcxproj, BaekJoonCodes.vcxproj)에서 공유하는 파일이 포함되어 있습니다.  이로 인해 잘못된 정리 및 다시 빌드 동작이 수행될 수 있습니다.
  BaekJoon1010.cpp
  BaekJoon1012.cpp
  BaekJoon1026.cpp
  BaekJoon10844.cpp
  BaekJoon11726.cpp
  BaekJoon1181.cpp
  BaekJoon1256.cpp
  BaekJoon13398.cpp
  BaekJoon1439.cpp
  BaekJoon14502.cpp
  BaekJoon1463.cpp
  BaekJoon1947.cpp
  BaekJoon10505.cpp
  BaekJoon1068.cpp
  BaekJoon10868.cpp
  BaekJoon11050.cpp
  BaekJoon11051.cpp
  BaekJoon11403.cpp
  BaekJoon11404.cpp
  BaekJoon11437.cpp
  코드를 생성하고 있습니다...
  컴파일하고 있습니다...
  BaekJoon11438.cpp
  BaekJoon11657.cpp
  BaekJoon1197.cpp
  BaekJoon1219.cpp
  BaekJoon13251.cpp
  BaekJoon1389.cpp
  BaekJoon1414.cpp
  BaekJoon14425.cpp
  BaekJoon14501.cpp
  BaekJoon1516.cpp
  BaekJoon1722.cpp
  BaekJoon17472.cpp
  BaekJoon1753.cpp
  BaekJoon1854.cpp
  BaekJoon1916.cpp
  BaekJoon1948.cpp
  BaekJoon1967.cpp
  BaekJoon1991.cpp
  BaekJoon2042.cpp
  BaekJoon2193.cpp
  코드를 생성하고 있습니다...
  컴파일하고 있습니다...
  BaekJoon2206.cpp
  BaekJoon2217.cpp
  BaekJoon2252.cpp
  BaekJoon1043.cpp
  BaekJoon1016.cpp
  BaekJoon1033.cpp
  BaekJoon10986.cpp
  BaekJoon11003.cpp
  BaekJoon11047.cpp
  BaekJoon11659.cpp
  BaekJoon1167.cpp
  BaekJoon11689.cpp
  BaekJoon11720.cpp
  BaekJoon11724.cpp
  BaekJoon1253.cpp
  BaekJoon12891.cpp
  BaekJoon13023.cpp
  BaekJoon1325.cpp
  BaekJoon1377.cpp
  BaekJoon1427.cpp
  코드를 생성하고 있습니다...
  컴파일하고 있습니다...
  BaekJoon1456.cpp
  BaekJoon1546.cpp
  BaekJoon1707.cpp
  BaekJoon1715.cpp
  BaekJoon1717.cpp
  BaekJoon17298.cpp
  BaekJoon1744.cpp
  BaekJoon1747.cpp
  BaekJoon18352.cpp
  BaekJoon1850.cpp
  BaekJoon1874.cpp
  BaekJoon1920.cpp
  BaekJoon1929.cpp
  BaekJoon1931.cpp
  BaekJoon1934.cpp
  BaekJoon1940.cpp
  BaekJoon1976.cpp
  BaekJoon2018.cpp
  BaekJoon21568.cpp
  BaekJoon2178.cpp
  코드를 생성하고 있습니다...
  컴파일하고 있습니다...
  BaekJoon2251.cpp
  BaekJoon2343.cpp
  BaekJoon2468.cpp
  BaekJoon2579.cpp
  BaekJoon2606.cpp
  BaekJoon2667.cpp
  BaekJoon2720.cpp
  BaekJoon2751.cpp
  BaekJoon11286.cpp
  BaekJoon11399.cpp
  BaekJoon11660.cpp
  BaekJoon1300.cpp
  BaekJoon2023.cpp
  BaekJoon2164.cpp
  BaekJoon2750.cpp
  BaekJoon1541.cpp
  BaekJoon2775.cpp
  BaekJoon2839.cpp
  BaekJoon4963.cpp
  BaekJoon5585.cpp
  코드를 생성하고 있습니다...
  컴파일하고 있습니다...
  BaekJoon7562.cpp
  BaekJoon7569.cpp
  BaekJoon7576cpp.cpp
  BaekJoon9095.cpp
  BaekJoon1789.cpp
  BubbleSort.cpp
  MergeSort.cpp
  QuickSort.cpp
  BaekJoon1260.cpp
  BaekJoon11725.cpp
  코드를 생성하고 있습니다...
  BaekJoonCode.vcxproj -> C:\Users\ender\OneDrive\문서\GitHub\BeakJoonTestCode\x64\Debug\BaekJoonCode2.exe
